Info: constrained 'clk' to bel 'X19/Y0/io1'
Info: constrained 'DBG[0]' to bel 'X18/Y0/io1'
Info: constrained 'DBG[1]' to bel 'X21/Y0/io1'
Info: constrained 'DBG[2]' to bel 'X22/Y0/io1'
Info: constrained 'DBG[3]' to bel 'X17/Y0/io0'
Info: constrained 'UART_RX' to bel 'X13/Y0/io1'
Info: constrained 'UART_TX' to bel 'X15/Y0/io0'
Info: constrained 'flash_clk' to bel 'X24/Y0/io0'
Info: constrained 'flash_csb' to bel 'X24/Y0/io1'
Info: constrained 'flash_io0' to bel 'X23/Y0/io0'
Info: constrained 'flash_io1' to bel 'X23/Y0/io1'
Info: constrained 'flash_io2' to bel 'X18/Y0/io0'
Info: constrained 'flash_io3' to bel 'X19/Y0/io0'

Info: Packing constants..
Info: Packing IOs..
Info: flash_io0 feeds SB_IO flash_io_buf[0], removing $nextpnr_iobuf flash_io0.
Info: flash_io1 feeds SB_IO flash_io_buf[1], removing $nextpnr_iobuf flash_io1.
Info: flash_io2 feeds SB_IO flash_io_buf[2], removing $nextpnr_iobuf flash_io2.
Info: flash_io3 feeds SB_IO flash_io_buf[3], removing $nextpnr_iobuf flash_io3.
Info: Packing LUT-FFs..
Info:     2466 LCs used as LUT4 only
Info:      742 LCs used as LUT4 and DFF
Info: Packing non-LUT FFs..
Info:      367 LCs used as DFF only
Info: Packing carries..
Info:      243 LCs used as CARRY only
Info: Packing RAMs..
Info: Placing PLLs..
Info: Packing special functions..
Info: Packing PLLs..
Info: Promoting globals..
Info: promoting clk$SB_IO_IN (fanout 1121)
Info: promoting soc.cpu.resetn_SB_LUT4_I3_O [reset] (fanout 498)
Info: promoting iomem_ready_SB_LUT4_I1_O_SB_LUT4_O_I3_SB_LUT4_I3_O[0] [reset] (fanout 33)
Info: promoting soc.simpleuart.send_dummy_SB_LUT4_I0_I1_SB_LUT4_I1_O [reset] (fanout 32)
Info: promoting soc.cpu.is_lui_auipc_jal_SB_DFF_Q_D_SB_LUT4_I2_O [reset] (fanout 31)
Info: promoting soc.cpu.cpu_state_SB_DFF_Q_4_D_SB_LUT4_O_I3_SB_LUT4_I2_O [cen] (fanout 65)
Info: promoting soc.cpu.instr_sll_SB_LUT4_I1_O_SB_LUT4_I2_O_SB_LUT4_O_I3_SB_LUT4_I3_O[1] [cen] (fanout 62)
Info: promoting soc.spimemio.rd_inc_SB_DFFESR_Q_E_SB_LUT4_O_I2_SB_LUT4_I3_O [cen] (fanout 54)
Info: Constraining chains...
Info:       53 LCs used to legalise carry chains.
Info: Checksum: 0xd399ee63

Info: Annotating ports with timing budgets for target frequency 13.00 MHz
Info: Checksum: 0x6d966223

Info: Device utilisation:
Info: 	         ICESTORM_LC:  3873/ 5280    73%
Info: 	        ICESTORM_RAM:     4/   30    13%
Info: 	               SB_IO:    13/   96    13%
Info: 	               SB_GB:     8/    8   100%
Info: 	        ICESTORM_PLL:     0/    1     0%
Info: 	         SB_WARMBOOT:     0/    1     0%
Info: 	        ICESTORM_DSP:     0/    8     0%
Info: 	      ICESTORM_HFOSC:     0/    1     0%
Info: 	      ICESTORM_LFOSC:     0/    1     0%
Info: 	              SB_I2C:     0/    2     0%
Info: 	              SB_SPI:     0/    2     0%
Info: 	              IO_I3C:     0/    2     0%
Info: 	         SB_LEDDA_IP:     0/    1     0%
Info: 	         SB_RGBA_DRV:     0/    1     0%
Info: 	      ICESTORM_SPRAM:     4/    4   100%

Info: Placed 13 cells based on constraints.
Info: Creating initial analytic placement for 3148 cells, random placement wirelen = 94910.
Info:     at initial placer iter 0, wirelen = 1941
Info:     at initial placer iter 1, wirelen = 1857
Info:     at initial placer iter 2, wirelen = 1875
Info:     at initial placer iter 3, wirelen = 1854
Info: Running main analytical placer.
Info:     at iteration #1, type ALL: wirelen solved = 1875, spread = 39055, legal = 40299; time = 0.32s
Info:     at iteration #2, type ALL: wirelen solved = 1935, spread = 31551, legal = 34667; time = 0.36s
Info:     at iteration #3, type ALL: wirelen solved = 2990, spread = 29702, legal = 34923; time = 0.42s
Info:     at iteration #4, type ALL: wirelen solved = 3724, spread = 28781, legal = 32034; time = 0.38s
Info:     at iteration #5, type ALL: wirelen solved = 4662, spread = 27143, legal = 31466; time = 0.38s
Info:     at iteration #6, type ALL: wirelen solved = 5940, spread = 25430, legal = 29093; time = 0.37s
Info:     at iteration #7, type ALL: wirelen solved = 6937, spread = 24288, legal = 28264; time = 0.37s
Info:     at iteration #8, type ALL: wirelen solved = 7519, spread = 23782, legal = 27877; time = 0.37s
Info:     at iteration #9, type ALL: wirelen solved = 8218, spread = 23091, legal = 26835; time = 0.35s
Info:     at iteration #10, type ALL: wirelen solved = 8775, spread = 22772, legal = 25913; time = 0.31s
Info:     at iteration #11, type ALL: wirelen solved = 9533, spread = 22150, legal = 25256; time = 0.31s
Info:     at iteration #12, type ALL: wirelen solved = 10123, spread = 22144, legal = 25752; time = 0.33s
Info:     at iteration #13, type ALL: wirelen solved = 10638, spread = 22070, legal = 25584; time = 0.30s
Info:     at iteration #14, type ALL: wirelen solved = 11275, spread = 21958, legal = 25207; time = 0.31s
Info:     at iteration #15, type ALL: wirelen solved = 11548, spread = 22299, legal = 25317; time = 0.29s
Info:     at iteration #16, type ALL: wirelen solved = 12278, spread = 21907, legal = 25151; time = 0.32s
Info:     at iteration #17, type ALL: wirelen solved = 12709, spread = 21294, legal = 25167; time = 0.34s
Info:     at iteration #18, type ALL: wirelen solved = 12852, spread = 21300, legal = 25059; time = 0.29s
Info:     at iteration #19, type ALL: wirelen solved = 13314, spread = 21393, legal = 24728; time = 0.29s
Info:     at iteration #20, type ALL: wirelen solved = 13522, spread = 20917, legal = 24735; time = 0.33s
Info:     at iteration #21, type ALL: wirelen solved = 13746, spread = 20935, legal = 23578; time = 0.28s
Info:     at iteration #22, type ALL: wirelen solved = 13979, spread = 21043, legal = 24515; time = 0.29s
Info:     at iteration #23, type ALL: wirelen solved = 14046, spread = 21483, legal = 24467; time = 0.29s
Info:     at iteration #24, type ALL: wirelen solved = 14639, spread = 21103, legal = 24517; time = 0.31s
Info:     at iteration #25, type ALL: wirelen solved = 14742, spread = 21091, legal = 24372; time = 0.29s
Info:     at iteration #26, type ALL: wirelen solved = 15106, spread = 20838, legal = 24145; time = 0.28s
Info: HeAP Placer Time: 11.86s
Info:   of which solving equations: 6.27s
Info:   of which spreading cells: 1.01s
Info:   of which strict legalisation: 1.44s

Info: Running simulated annealing placer for refinement.
Info:   at iteration #1: temp = 0.000000, timing cost = 2587, wirelen = 23578
Info:   at iteration #5: temp = 0.000000, timing cost = 1965, wirelen = 21026
Info:   at iteration #10: temp = 0.000000, timing cost = 2020, wirelen = 20178
Info:   at iteration #15: temp = 0.000000, timing cost = 2028, wirelen = 19744
Info:   at iteration #20: temp = 0.000000, timing cost = 2014, wirelen = 19568
Info:   at iteration #25: temp = 0.000000, timing cost = 2011, wirelen = 19495
Info:   at iteration #26: temp = 0.000000, timing cost = 2025, wirelen = 19493 
Info: SA placement time 23.24s

Info: Max frequency for clock 'clk$SB_IO_IN_$glb_clk': 15.48 MHz (PASS at 13.00 MHz)

Info: Max delay <async>                       -> posedge clk$SB_IO_IN_$glb_clk: 49.38 ns
Info: Max delay posedge clk$SB_IO_IN_$glb_clk -> <async>                      : 20.23 ns
Info: Max delay negedge clk$SB_IO_IN_$glb_clk -> <async>                      : 10.00 ns

Info: Slack histogram:
Info:  legend: * represents 17 endpoint(s)
Info:          + represents [1,17) endpoint(s)
Info: [ 12332,  15363) |***+
Info: [ 15363,  18394) |**+
Info: [ 18394,  21425) |***+
Info: [ 21425,  24456) |****+
Info: [ 24456,  27487) |*+
Info: [ 27487,  30518) |****+
Info: [ 30518,  33549) |*******+
Info: [ 33549,  36580) |***********+
Info: [ 36580,  39611) |********+
Info: [ 39611,  42642) |****+
Info: [ 42642,  45673) |****+
Info: [ 45673,  48704) |********+
Info: [ 48704,  51735) |*******+
Info: [ 51735,  54766) |********************************+
Info: [ 54766,  57797) |******************************+
Info: [ 57797,  60828) |*********************+
Info: [ 60828,  63859) |****************+
Info: [ 63859,  66890) |*************+
Info: [ 66890,  69921) |**********************+
Info: [ 69921,  72952) |************************************************************ 
Info: Checksum: 0x439d688e

Info: Routing..
Info: Setting up routing queue.
Info: Routing 13101 arcs.
Info:            |   (re-)routed arcs  |   delta    | remaining|       time spent     |
Info:    IterCnt |  w/ripup   wo/ripup |  w/r  wo/r |      arcs| batch(sec) total(sec)|
Info:       1000 |       53        628 |   53   628 |     12157|       0.73       0.73|
Info:       2000 |       91       1324 |   38   696 |     11198|       0.21       0.94|
Info:       3000 |      115       2300 |   24   976 |     10228|       0.68       1.62|
Info:       4000 |      269       3146 |  154   846 |      9413|       0.68       2.30|
Info:       5000 |      428       3987 |  159   841 |      8619|       1.01       3.32|
Info:       6000 |      518       4897 |   90   910 |      7737|       1.07       4.38|
Info:       7000 |      615       5800 |   97   903 |      6853|       1.69       6.07|
Info:       8000 |      760       6655 |  145   855 |      6093|       1.85       7.92|
Info:       9000 |     1028       7387 |  268   732 |      5489|       1.74       9.66|
Info:      10000 |     1282       8133 |  254   746 |      4908|       1.28      10.94|
Info:      11000 |     1566       8849 |  284   716 |      4430|       1.84      12.78|
Info:      12000 |     1913       9502 |  347   653 |      4054|       1.98      14.76|
Info:      13000 |     2374      10041 |  461   539 |      3855|       2.37      17.13|
Info:      14000 |     2818      10597 |  444   556 |      3651|       2.05      19.18|
Info:      15000 |     3280      11135 |  462   538 |      3481|       2.31      21.48|
Info:      16000 |     3752      11663 |  472   528 |      3316|       2.61      24.10|
Info:      17000 |     4262      12153 |  510   490 |      3154|       2.65      26.74|
Info:      18000 |     4762      12653 |  500   500 |      3034|       2.74      29.49|
Info:      19000 |     5286      13129 |  524   476 |      2879|       2.33      31.82|
Info:      20000 |     5820      13595 |  534   466 |      2754|       2.88      34.69|
Info:      21000 |     6348      14067 |  528   472 |      2657|       3.08      37.77|
Info:      22000 |     6896      14519 |  548   452 |      2495|       3.29      41.06|
Info:      23000 |     7411      15004 |  515   485 |      2363|       3.18      44.23|
Info:      24000 |     7951      15464 |  540   460 |      2265|       3.03      47.27|
Info:      25000 |     8432      15983 |  481   519 |      2199|       2.60      49.87|
Info:      26000 |     8926      16489 |  494   506 |      2057|       2.45      52.32|
Info:      27000 |     9430      16985 |  504   496 |      1976|       3.18      55.50|
Info:      28000 |     9941      17474 |  511   489 |      1767|       3.05      58.55|
Info:      29000 |    10456      17959 |  515   485 |      1596|       3.52      62.06|
Info:      30000 |    10983      18432 |  527   473 |      1480|       3.60      65.67|
Info:      31000 |    11551      18864 |  568   432 |      1493|       3.41      69.08|
Info:      32000 |    12060      19355 |  509   491 |      1319|       3.30      72.38|
Info:      33000 |    12583      19832 |  523   477 |      1309|       3.02      75.40|
Info:      34000 |    13090      20325 |  507   493 |      1274|       2.75      78.15|
Info:      35000 |    13704      20711 |  614   386 |      1177|       3.25      81.40|
Info:      36000 |    14230      21185 |  526   474 |      1093|       2.56      83.96|
Info:      37000 |    14807      21608 |  577   423 |      1034|       2.97      86.93|
Info:      38000 |    15327      22088 |  520   480 |       887|       2.39      89.32|
Info:      39000 |    15707      22708 |  380   620 |       431|       3.73      93.05|
Info:      39701 |    15881      23212 |  174   504 |         0|       2.57      95.62|
Info: Routing complete.
Info: Router1 time 95.62s
Info: Checksum: 0x37ffe602

Info: Critical path report for clock 'clk$SB_IO_IN_$glb_clk' (posedge -> posedge):
Info: curr total
Info:  1.4  1.4  Source soc.cpu.mem_la_addr_SB_LUT4_O_29_LC.O
Info:  1.8  3.2    Net iomem_addr[2] budget 0.000000 ns (17,9) -> (17,9)
Info:                Sink iomem_ready_SB_LUT4_I3_I1_SB_CARRY_CO_I1_SB_LUT4_O_25_LC.I3
Info:                Defined in:
Info:                  top.v:139.7-174.6
Info:                  spimemio.v:25.15-25.19
Info:                  picosoc.v:156.11-185.3
Info:  0.9  4.0  Source iomem_ready_SB_LUT4_I3_I1_SB_CARRY_CO_I1_SB_LUT4_O_25_LC.O
Info:  1.8  5.8    Net iomem_ready_SB_LUT4_I1_O_SB_LUT4_I0_2_I3[0] budget 0.000000 ns (17,9) -> (16,9)
Info:                Sink $nextpnr_ICESTORM_LC_1.I1
Info:                Defined in:
Info:                  top.v:139.7-174.6
Info:                  picosoc.v:159.52-159.77
Info:                  /opt/sft/bin/../share/yosys/ice40/arith_map.v:37.23-37.25
Info:  0.7  6.5  Source $nextpnr_ICESTORM_LC_1.COUT
Info:  0.0  6.5    Net $nextpnr_ICESTORM_LC_1$O budget 0.000000 ns (16,9) -> (16,9)
Info:                Sink soc.memory.cs_0_SB_CARRY_I1_CO_SB_CARRY_CO_17$CARRY.CIN
Info:  0.3  6.7  Source soc.memory.cs_0_SB_CARRY_I1_CO_SB_CARRY_CO_17$CARRY.COUT
Info:  0.0  6.7    Net iomem_ready_SB_LUT4_I1_O_SB_LUT4_I0_2_I3[1] budget 0.000000 ns (16,9) -> (16,9)
Info:                Sink soc.memory.cs_0_SB_CARRY_I1_CO_SB_CARRY_CO_7$CARRY.CIN
Info:                Defined in:
Info:                  top.v:139.7-174.6
Info:                  picosoc.v:159.25-159.48
Info:                  /opt/sft/bin/../share/yosys/ice40/arith_map.v:51.21-51.22
Info:  0.3  7.0  Source soc.memory.cs_0_SB_CARRY_I1_CO_SB_CARRY_CO_7$CARRY.COUT
Info:  0.0  7.0    Net iomem_ready_SB_LUT4_I1_O_SB_LUT4_I0_2_I3[2] budget 0.000000 ns (16,9) -> (16,9)
Info:                Sink soc.memory.cs_0_SB_CARRY_I1_CO_SB_CARRY_CO_6$CARRY.CIN
Info:                Defined in:
Info:                  top.v:139.7-174.6
Info:                  picosoc.v:159.25-159.48
Info:                  /opt/sft/bin/../share/yosys/ice40/arith_map.v:51.21-51.22
Info:  0.3  7.3  Source soc.memory.cs_0_SB_CARRY_I1_CO_SB_CARRY_CO_6$CARRY.COUT
Info:  0.0  7.3    Net iomem_ready_SB_LUT4_I1_O_SB_LUT4_I0_2_I3[3] budget 0.000000 ns (16,9) -> (16,9)
Info:                Sink soc.memory.cs_0_SB_CARRY_I1_CO_SB_CARRY_CO_5$CARRY.CIN
Info:                Defined in:
Info:                  top.v:139.7-174.6
Info:                  picosoc.v:159.25-159.48
Info:                  /opt/sft/bin/../share/yosys/ice40/arith_map.v:51.21-51.22
Info:  0.3  7.6  Source soc.memory.cs_0_SB_CARRY_I1_CO_SB_CARRY_CO_5$CARRY.COUT
Info:  0.0  7.6    Net iomem_ready_SB_LUT4_I1_O_SB_LUT4_I0_2_I3[4] budget 0.000000 ns (16,9) -> (16,9)
Info:                Sink soc.memory.cs_0_SB_CARRY_I1_CO_SB_CARRY_CO_4$CARRY.CIN
Info:                Defined in:
Info:                  top.v:139.7-174.6
Info:                  picosoc.v:159.25-159.48
Info:                  /opt/sft/bin/../share/yosys/ice40/arith_map.v:51.21-51.22
Info:  0.3  7.9  Source soc.memory.cs_0_SB_CARRY_I1_CO_SB_CARRY_CO_4$CARRY.COUT
Info:  0.0  7.9    Net iomem_ready_SB_LUT4_I1_O_SB_LUT4_I0_2_I3[5] budget 0.000000 ns (16,9) -> (16,9)
Info:                Sink soc.memory.cs_0_SB_CARRY_I1_CO_SB_CARRY_CO_3$CARRY.CIN
Info:                Defined in:
Info:                  top.v:139.7-174.6
Info:                  picosoc.v:159.25-159.48
Info:                  /opt/sft/bin/../share/yosys/ice40/arith_map.v:51.21-51.22
Info:  0.3  8.1  Source soc.memory.cs_0_SB_CARRY_I1_CO_SB_CARRY_CO_3$CARRY.COUT
Info:  0.0  8.1    Net iomem_ready_SB_LUT4_I1_O_SB_LUT4_I0_2_I3[6] budget 0.000000 ns (16,9) -> (16,9)
Info:                Sink soc.memory.cs_0_SB_CARRY_I1_CO_SB_CARRY_CO_2$CARRY.CIN
Info:                Defined in:
Info:                  top.v:139.7-174.6
Info:                  picosoc.v:159.25-159.48
Info:                  /opt/sft/bin/../share/yosys/ice40/arith_map.v:51.21-51.22
Info:  0.3  8.4  Source soc.memory.cs_0_SB_CARRY_I1_CO_SB_CARRY_CO_2$CARRY.COUT
Info:  0.6  9.0    Net iomem_ready_SB_LUT4_I1_O_SB_LUT4_I0_2_I3[7] budget 0.560000 ns (16,9) -> (16,10)
Info:                Sink soc.memory.cs_0_SB_CARRY_I1_CO_SB_CARRY_CO_1$CARRY.CIN
Info:                Defined in:
Info:                  top.v:139.7-174.6
Info:                  picosoc.v:159.25-159.48
Info:                  /opt/sft/bin/../share/yosys/ice40/arith_map.v:51.21-51.22
Info:  0.3  9.2  Source soc.memory.cs_0_SB_CARRY_I1_CO_SB_CARRY_CO_1$CARRY.COUT
Info:  0.0  9.2    Net iomem_ready_SB_LUT4_I1_O_SB_LUT4_I0_2_I3[8] budget 0.000000 ns (16,10) -> (16,10)
Info:                Sink soc.memory.cs_0_SB_CARRY_I1_CO_SB_CARRY_CO$CARRY.CIN
Info:                Defined in:
Info:                  top.v:139.7-174.6
Info:                  picosoc.v:159.25-159.48
Info:                  /opt/sft/bin/../share/yosys/ice40/arith_map.v:51.21-51.22
Info:  0.3  9.5  Source soc.memory.cs_0_SB_CARRY_I1_CO_SB_CARRY_CO$CARRY.COUT
Info:  0.0  9.5    Net iomem_ready_SB_LUT4_I1_O_SB_LUT4_I0_2_I3[9] budget 0.000000 ns (16,10) -> (16,10)
Info:                Sink soc.memory.cs_0_SB_CARRY_I1_CO_SB_CARRY_CO_26$CARRY.CIN
Info:                Defined in:
Info:                  top.v:139.7-174.6
Info:                  picosoc.v:159.25-159.48
Info:                  /opt/sft/bin/../share/yosys/ice40/arith_map.v:51.21-51.22
Info:  0.3  9.8  Source soc.memory.cs_0_SB_CARRY_I1_CO_SB_CARRY_CO_26$CARRY.COUT
Info:  0.0  9.8    Net iomem_ready_SB_LUT4_I1_O_SB_LUT4_I0_2_I3[10] budget 0.000000 ns (16,10) -> (16,10)
Info:                Sink soc.memory.cs_0_SB_CARRY_I1_CO_SB_CARRY_CO_25$CARRY.CIN
Info:                Defined in:
Info:                  top.v:139.7-174.6
Info:                  picosoc.v:159.25-159.48
Info:                  /opt/sft/bin/../share/yosys/ice40/arith_map.v:51.21-51.22
Info:  0.3 10.1  Source soc.memory.cs_0_SB_CARRY_I1_CO_SB_CARRY_CO_25$CARRY.COUT
Info:  0.0 10.1    Net iomem_ready_SB_LUT4_I1_O_SB_LUT4_I0_2_I3[11] budget 0.000000 ns (16,10) -> (16,10)
Info:                Sink soc.memory.cs_0_SB_CARRY_I1_CO_SB_CARRY_CO_24$CARRY.CIN
Info:                Defined in:
Info:                  top.v:139.7-174.6
Info:                  picosoc.v:159.25-159.48
Info:                  /opt/sft/bin/../share/yosys/ice40/arith_map.v:51.21-51.22
Info:  0.3 10.4  Source soc.memory.cs_0_SB_CARRY_I1_CO_SB_CARRY_CO_24$CARRY.COUT
Info:  0.0 10.4    Net iomem_ready_SB_LUT4_I1_O_SB_LUT4_I0_2_I3[12] budget 0.000000 ns (16,10) -> (16,10)
Info:                Sink soc.memory.cs_0_SB_CARRY_I1_CO_SB_CARRY_CO_23$CARRY.CIN
Info:                Defined in:
Info:                  top.v:139.7-174.6
Info:                  picosoc.v:159.25-159.48
Info:                  /opt/sft/bin/../share/yosys/ice40/arith_map.v:51.21-51.22
Info:  0.3 10.6  Source soc.memory.cs_0_SB_CARRY_I1_CO_SB_CARRY_CO_23$CARRY.COUT
Info:  0.0 10.6    Net iomem_ready_SB_LUT4_I1_O_SB_LUT4_I0_2_I3[13] budget 0.000000 ns (16,10) -> (16,10)
Info:                Sink soc.memory.cs_0_SB_CARRY_I1$CARRY.CIN
Info:                Defined in:
Info:                  top.v:139.7-174.6
Info:                  picosoc.v:159.25-159.48
Info:                  /opt/sft/bin/../share/yosys/ice40/arith_map.v:51.21-51.22
Info:  0.3 10.9  Source soc.memory.cs_0_SB_CARRY_I1$CARRY.COUT
Info:  0.0 10.9    Net iomem_ready_SB_LUT4_I1_O_SB_LUT4_I0_2_I3[14] budget 0.000000 ns (16,10) -> (16,10)
Info:                Sink soc.memory.cs_0_SB_CARRY_I1_CO_SB_CARRY_CO_22$CARRY.CIN
Info:                Defined in:
Info:                  top.v:139.7-174.6
Info:                  picosoc.v:159.25-159.48
Info:                  /opt/sft/bin/../share/yosys/ice40/arith_map.v:51.21-51.22
Info:  0.3 11.2  Source soc.memory.cs_0_SB_CARRY_I1_CO_SB_CARRY_CO_22$CARRY.COUT
Info:  0.6 11.7    Net iomem_ready_SB_LUT4_I1_O_SB_LUT4_I0_2_I3[15] budget 0.560000 ns (16,10) -> (16,11)
Info:                Sink soc.memory.cs_0_SB_CARRY_I1_CO_SB_CARRY_CO_21$CARRY.CIN
Info:                Defined in:
Info:                  top.v:139.7-174.6
Info:                  picosoc.v:159.25-159.48
Info:                  /opt/sft/bin/../share/yosys/ice40/arith_map.v:51.21-51.22
Info:  0.3 12.0  Source soc.memory.cs_0_SB_CARRY_I1_CO_SB_CARRY_CO_21$CARRY.COUT
Info:  0.0 12.0    Net iomem_ready_SB_LUT4_I1_O_SB_LUT4_I0_2_I3[16] budget 0.000000 ns (16,11) -> (16,11)
Info:                Sink soc.memory.cs_0_SB_CARRY_I1_CO_SB_CARRY_CO_20$CARRY.CIN
Info:                Defined in:
Info:                  top.v:139.7-174.6
Info:                  picosoc.v:159.25-159.48
Info:                  /opt/sft/bin/../share/yosys/ice40/arith_map.v:51.21-51.22
Info:  0.3 12.3  Source soc.memory.cs_0_SB_CARRY_I1_CO_SB_CARRY_CO_20$CARRY.COUT
Info:  0.0 12.3    Net iomem_ready_SB_LUT4_I1_O_SB_LUT4_I0_2_I3[17] budget 0.000000 ns (16,11) -> (16,11)
Info:                Sink soc.memory.cs_0_SB_CARRY_I1_CO_SB_CARRY_CO_19$CARRY.CIN
Info:                Defined in:
Info:                  top.v:139.7-174.6
Info:                  picosoc.v:159.25-159.48
Info:                  /opt/sft/bin/../share/yosys/ice40/arith_map.v:51.21-51.22
Info:  0.3 12.6  Source soc.memory.cs_0_SB_CARRY_I1_CO_SB_CARRY_CO_19$CARRY.COUT
Info:  0.0 12.6    Net iomem_ready_SB_LUT4_I1_O_SB_LUT4_I0_2_I3[18] budget 0.000000 ns (16,11) -> (16,11)
Info:                Sink soc.memory.cs_0_SB_CARRY_I1_CO_SB_CARRY_CO_18$CARRY.CIN
Info:                Defined in:
Info:                  top.v:139.7-174.6
Info:                  picosoc.v:159.25-159.48
Info:                  /opt/sft/bin/../share/yosys/ice40/arith_map.v:51.21-51.22
Info:  0.3 12.9  Source soc.memory.cs_0_SB_CARRY_I1_CO_SB_CARRY_CO_18$CARRY.COUT
Info:  0.0 12.9    Net iomem_ready_SB_LUT4_I1_O_SB_LUT4_I0_2_I3[19] budget 0.000000 ns (16,11) -> (16,11)
Info:                Sink soc.memory.cs_0_SB_CARRY_I1_CO_SB_CARRY_CO_16$CARRY.CIN
Info:                Defined in:
Info:                  top.v:139.7-174.6
Info:                  picosoc.v:159.25-159.48
Info:                  /opt/sft/bin/../share/yosys/ice40/arith_map.v:51.21-51.22
Info:  0.3 13.1  Source soc.memory.cs_0_SB_CARRY_I1_CO_SB_CARRY_CO_16$CARRY.COUT
Info:  0.0 13.1    Net iomem_ready_SB_LUT4_I1_O_SB_LUT4_I0_2_I3[20] budget 0.000000 ns (16,11) -> (16,11)
Info:                Sink soc.memory.cs_0_SB_CARRY_I1_CO_SB_CARRY_CO_15$CARRY.CIN
Info:                Defined in:
Info:                  top.v:139.7-174.6
Info:                  picosoc.v:159.25-159.48
Info:                  /opt/sft/bin/../share/yosys/ice40/arith_map.v:51.21-51.22
Info:  0.3 13.4  Source soc.memory.cs_0_SB_CARRY_I1_CO_SB_CARRY_CO_15$CARRY.COUT
Info:  0.0 13.4    Net iomem_ready_SB_LUT4_I1_O_SB_LUT4_I0_2_I3[21] budget 0.000000 ns (16,11) -> (16,11)
Info:                Sink soc.memory.cs_0_SB_CARRY_I1_CO_SB_CARRY_CO_14$CARRY.CIN
Info:                Defined in:
Info:                  top.v:139.7-174.6
Info:                  picosoc.v:159.25-159.48
Info:                  /opt/sft/bin/../share/yosys/ice40/arith_map.v:51.21-51.22
Info:  0.3 13.7  Source soc.memory.cs_0_SB_CARRY_I1_CO_SB_CARRY_CO_14$CARRY.COUT
Info:  0.0 13.7    Net iomem_ready_SB_LUT4_I1_O_SB_LUT4_I0_2_I3[22] budget 0.000000 ns (16,11) -> (16,11)
Info:                Sink soc.memory.cs_0_SB_CARRY_I1_CO_SB_CARRY_CO_13$CARRY.CIN
Info:                Defined in:
Info:                  top.v:139.7-174.6
Info:                  picosoc.v:159.25-159.48
Info:                  /opt/sft/bin/../share/yosys/ice40/arith_map.v:51.21-51.22
Info:  0.3 14.0  Source soc.memory.cs_0_SB_CARRY_I1_CO_SB_CARRY_CO_13$CARRY.COUT
Info:  0.6 14.5    Net iomem_ready_SB_LUT4_I1_O_SB_LUT4_I0_2_I3[23] budget 0.560000 ns (16,11) -> (16,12)
Info:                Sink soc.memory.cs_0_SB_CARRY_I1_CO_SB_CARRY_CO_12$CARRY.CIN
Info:                Defined in:
Info:                  top.v:139.7-174.6
Info:                  picosoc.v:159.25-159.48
Info:                  /opt/sft/bin/../share/yosys/ice40/arith_map.v:51.21-51.22
Info:  0.3 14.8  Source soc.memory.cs_0_SB_CARRY_I1_CO_SB_CARRY_CO_12$CARRY.COUT
Info:  0.0 14.8    Net iomem_ready_SB_LUT4_I1_O_SB_LUT4_I0_2_I3[24] budget 0.000000 ns (16,12) -> (16,12)
Info:                Sink soc.memory.cs_0_SB_CARRY_I1_CO_SB_CARRY_CO_11$CARRY.CIN
Info:                Defined in:
Info:                  top.v:139.7-174.6
Info:                  picosoc.v:159.25-159.48
Info:                  /opt/sft/bin/../share/yosys/ice40/arith_map.v:51.21-51.22
Info:  0.3 15.1  Source soc.memory.cs_0_SB_CARRY_I1_CO_SB_CARRY_CO_11$CARRY.COUT
Info:  0.0 15.1    Net iomem_ready_SB_LUT4_I1_O_SB_LUT4_I0_2_I3[25] budget 0.000000 ns (16,12) -> (16,12)
Info:                Sink soc.memory.cs_0_SB_CARRY_I1_CO_SB_CARRY_CO_10$CARRY.CIN
Info:                Defined in:
Info:                  top.v:139.7-174.6
Info:                  picosoc.v:159.25-159.48
Info:                  /opt/sft/bin/../share/yosys/ice40/arith_map.v:51.21-51.22
Info:  0.3 15.4  Source soc.memory.cs_0_SB_CARRY_I1_CO_SB_CARRY_CO_10$CARRY.COUT
Info:  0.0 15.4    Net iomem_ready_SB_LUT4_I1_O_SB_LUT4_I0_2_I3[26] budget 0.000000 ns (16,12) -> (16,12)
Info:                Sink soc.memory.cs_0_SB_CARRY_I1_CO_SB_CARRY_CO_9$CARRY.CIN
Info:                Defined in:
Info:                  top.v:139.7-174.6
Info:                  picosoc.v:159.25-159.48
Info:                  /opt/sft/bin/../share/yosys/ice40/arith_map.v:51.21-51.22
Info:  0.3 15.6  Source soc.memory.cs_0_SB_CARRY_I1_CO_SB_CARRY_CO_9$CARRY.COUT
Info:  0.0 15.6    Net iomem_ready_SB_LUT4_I1_O_SB_LUT4_I0_2_I3[27] budget 0.000000 ns (16,12) -> (16,12)
Info:                Sink soc.memory.cs_0_SB_CARRY_I1_CO_SB_CARRY_CO_8$CARRY.CIN
Info:                Defined in:
Info:                  top.v:139.7-174.6
Info:                  picosoc.v:159.25-159.48
Info:                  /opt/sft/bin/../share/yosys/ice40/arith_map.v:51.21-51.22
Info:  0.3 15.9  Source soc.memory.cs_0_SB_CARRY_I1_CO_SB_CARRY_CO_8$CARRY.COUT
Info:  0.0 15.9    Net iomem_ready_SB_LUT4_I1_O_SB_LUT4_I0_2_I3[28] budget 0.000000 ns (16,12) -> (16,12)
Info:                Sink iomem_ready_SB_LUT4_I1_O_SB_LUT4_I0_2_I3_SB_CARRY_CO$CARRY.CIN
Info:                Defined in:
Info:                  top.v:139.7-174.6
Info:                  picosoc.v:159.25-159.48
Info:                  /opt/sft/bin/../share/yosys/ice40/arith_map.v:51.21-51.22
Info:  0.3 16.2  Source iomem_ready_SB_LUT4_I1_O_SB_LUT4_I0_2_I3_SB_CARRY_CO$CARRY.COUT
Info:  0.7 16.9    Net iomem_ready_SB_LUT4_I1_O_SB_LUT4_I0_2_I1[3] budget 0.660000 ns (16,12) -> (16,12)
Info:                Sink iomem_ready_SB_LUT4_I1_O_SB_LUT4_I0_2_LC.I3
Info:                Defined in:
Info:                  top.v:139.7-174.6
Info:                  picosoc.v:159.25-159.48
Info:                  /opt/sft/bin/../share/yosys/ice40/arith_map.v:37.23-37.25
Info:  0.9 17.7  Source iomem_ready_SB_LUT4_I1_O_SB_LUT4_I0_2_LC.O
Info:  3.0 20.7    Net flash_io3_oe_SB_LUT4_I2_I1[1] budget 0.000000 ns (16,12) -> (18,13)
Info:                Sink soc.spimemio.valid_SB_LUT4_O_LC.I1
Info:                Defined in:
Info:                  /opt/sft/bin/../share/yosys/ice40/cells_map.v:6.21-6.22
Info:  1.2 21.9  Source soc.spimemio.valid_SB_LUT4_O_LC.O
Info:  3.0 24.9    Net flash_clk_SB_LUT4_I0_O_SB_LUT4_I1_O_SB_LUT4_O_2_I3[1] budget 3.124000 ns (18,13) -> (20,10)
Info:                Sink soc.spimemio.xfer.flash_io0_di_SB_LUT4_I0_O_SB_LUT4_I1_O_SB_LUT4_O_1_LC.I1
Info:                Defined in:
Info:                  /opt/sft/bin/../share/yosys/ice40/cells_map.v:6.21-6.22
Info:  1.2 26.1  Source soc.spimemio.xfer.flash_io0_di_SB_LUT4_I0_O_SB_LUT4_I1_O_SB_LUT4_O_1_LC.O
Info:  1.8 27.9    Net soc.spimemio.xfer.flash_io0_di_SB_LUT4_I0_O_SB_LUT4_I1_O[2] budget 3.124000 ns (20,10) -> (20,10)
Info:                Sink soc.cpu.prefetched_high_word_SB_DFFESR_Q_D_SB_LUT4_O_I1_SB_LUT4_O_LC.I2
Info:                Defined in:
Info:                  /opt/sft/bin/../share/yosys/ice40/cells_map.v:6.21-6.22
Info:  1.2 29.1  Source soc.cpu.prefetched_high_word_SB_DFFESR_Q_D_SB_LUT4_O_I1_SB_LUT4_O_LC.O
Info:  4.4 33.4    Net soc.cpu.prefetched_high_word_SB_DFFESR_Q_D_SB_LUT4_O_I1[1] budget 3.124000 ns (20,10) -> (20,21)
Info:                Sink soc.cpu.prefetched_high_word_SB_DFFESR_Q_D_SB_LUT4_O_I1_SB_LUT4_I1_LC.I1
Info:                Defined in:
Info:                  /opt/sft/bin/../share/yosys/ice40/cells_map.v:6.21-6.22
Info:  1.2 34.6  Source soc.cpu.prefetched_high_word_SB_DFFESR_Q_D_SB_LUT4_O_I1_SB_LUT4_I1_LC.O
Info:  1.8 36.4    Net soc.cpu.prefetched_high_word_SB_DFFESR_Q_D_SB_LUT4_O_I1_SB_LUT4_I1_O[2] budget 3.124000 ns (20,21) -> (21,20)
Info:                Sink soc.cpu.prefetched_high_word_SB_DFFESR_Q_D_SB_LUT4_O_I1_SB_LUT4_I1_O_SB_LUT4_I1_LC.I2
Info:                Defined in:
Info:                  /opt/sft/bin/../share/yosys/ice40/cells_map.v:6.21-6.22
Info:  1.2 37.6  Source soc.cpu.prefetched_high_word_SB_DFFESR_Q_D_SB_LUT4_O_I1_SB_LUT4_I1_O_SB_LUT4_I1_LC.O
Info:  3.6 41.2    Net soc.cpu.prefetched_high_word_SB_DFFESR_Q_D_SB_LUT4_O_I1_SB_LUT4_I1_O_SB_LUT4_I1_O[0] budget 3.124000 ns (21,20) -> (16,18)
Info:                Sink soc.cpu.decoded_imm_j_SB_DFFE_Q_11_D_SB_LUT4_O_I1_SB_LUT4_O_I0_SB_LUT4_I2_O_SB_LUT4_O_LC.I1
Info:                Defined in:
Info:                  /opt/sft/bin/../share/yosys/ice40/cells_map.v:6.21-6.22
Info:  1.2 42.4  Source soc.cpu.decoded_imm_j_SB_DFFE_Q_11_D_SB_LUT4_O_I1_SB_LUT4_O_I0_SB_LUT4_I2_O_SB_LUT4_O_LC.O
Info:  3.6 46.0    Net soc.cpu.decoded_imm_j_SB_DFFE_Q_11_D_SB_LUT4_O_I1_SB_LUT4_O_I0_SB_LUT4_I2_O[2] budget 3.124000 ns (16,18) -> (14,23)
Info:                Sink soc.cpu.mem_state_SB_DFFESR_Q_D_SB_LUT4_O_I1_SB_LUT4_I1_O_SB_LUT4_I3_O_SB_LUT4_O_LC.I2
Info:                Defined in:
Info:                  /opt/sft/bin/../share/yosys/ice40/cells_map.v:6.21-6.22
Info:  1.2 47.2  Source soc.cpu.mem_state_SB_DFFESR_Q_D_SB_LUT4_O_I1_SB_LUT4_I1_O_SB_LUT4_I3_O_SB_LUT4_O_LC.O
Info:  1.8 49.0    Net soc.cpu.is_sb_sh_sw_SB_DFFE_Q_D_SB_LUT4_O_I3[1] budget 3.158000 ns (14,23) -> (14,23)
Info:                Sink soc.cpu.mem_state_SB_DFFESR_Q_D_SB_LUT4_O_I1_SB_LUT4_I1_O_SB_LUT4_I3_O_SB_LUT4_I1_1_LC.I1
Info:                Defined in:
Info:                  /opt/sft/bin/../share/yosys/ice40/cells_map.v:6.21-6.22
Info:  1.2 50.2  Source soc.cpu.mem_state_SB_DFFESR_Q_D_SB_LUT4_O_I1_SB_LUT4_I1_O_SB_LUT4_I3_O_SB_LUT4_I1_1_LC.O
Info:  4.0 54.3    Net soc.cpu.cpu_state_SB_DFF_Q_3_D_SB_LUT4_O_I0[2] budget 3.158000 ns (14,23) -> (4,22)
Info:                Sink soc.cpu.instr_sh_SB_LUT4_I1_1_O_SB_LUT4_I1_O_SB_LUT4_O_LC.I2
Info:                Defined in:
Info:                  /opt/sft/bin/../share/yosys/ice40/cells_map.v:6.21-6.22
Info:  1.2 55.5  Source soc.cpu.instr_sh_SB_LUT4_I1_1_O_SB_LUT4_I1_O_SB_LUT4_O_LC.O
Info:  1.8 57.2    Net soc.cpu.instr_sh_SB_LUT4_I1_1_O_SB_LUT4_I1_O[1] budget 3.158000 ns (4,22) -> (4,21)
Info:                Sink soc.cpu.latched_is_lh_SB_DFFESR_Q_E_SB_LUT4_O_I2_SB_LUT4_O_LC.I2
Info:                Defined in:
Info:                  /opt/sft/bin/../share/yosys/ice40/cells_map.v:6.21-6.22
Info:  1.2 58.4  Source soc.cpu.latched_is_lh_SB_DFFESR_Q_E_SB_LUT4_O_I2_SB_LUT4_O_LC.O
Info:  2.4 60.9    Net soc.cpu.instr_sll_SB_LUT4_I1_O_SB_LUT4_I2_O[0] budget 3.158000 ns (4,21) -> (4,19)
Info:                Sink soc.cpu.latched_is_lh_SB_DFFESR_Q_E_SB_LUT4_O_I2_SB_LUT4_I0_LC.I0
Info:                Defined in:
Info:                  /opt/sft/bin/../share/yosys/ice40/cells_map.v:6.21-6.22
Info:  1.3 62.1  Source soc.cpu.latched_is_lh_SB_DFFESR_Q_E_SB_LUT4_O_I2_SB_LUT4_I0_LC.O
Info:  1.8 63.9    Net soc.cpu.latched_is_lh_SB_DFFESR_Q_E_SB_LUT4_O_I2_SB_LUT4_I0_O[3] budget 3.158000 ns (4,19) -> (4,20)
Info:                Sink soc.cpu.reg_op1_SB_DFFE_Q_E_SB_LUT4_O_LC.I3
Info:                Defined in:
Info:                  /opt/sft/bin/../share/yosys/ice40/cells_map.v:6.21-6.22
Info:  0.9 64.8  Source soc.cpu.reg_op1_SB_DFFE_Q_E_SB_LUT4_O_LC.O
Info:  3.6 68.4    Net soc.cpu.reg_op1_SB_DFFE_Q_E budget 3.158000 ns (4,20) -> (4,20)
Info:                Sink soc.cpu.reg_op1_SB_DFFE_Q_D_SB_LUT4_O_LC.CEN
Info:  0.1 68.5  Setup soc.cpu.reg_op1_SB_DFFE_Q_D_SB_LUT4_O_LC.CEN
Info: 26.3 ns logic, 42.2 ns routing

Info: Critical path report for cross-domain path '<async>' -> 'posedge clk$SB_IO_IN_$glb_clk':
Info: curr total
Info:  0.0  0.0  Source flash_io_buf[0].D_IN_0
Info:  3.6  3.6    Net flash_io0_di budget 4.769000 ns (23,0) -> (18,7)
Info:                Sink soc.spimemio.xfer.flash_io0_di_SB_LUT4_I0_LC.I0
Info:                Defined in:
Info:                  top.v:139.7-174.6
Info:                  picosoc.v:116.14-116.32
Info:  1.3  4.9  Source soc.spimemio.xfer.flash_io0_di_SB_LUT4_I0_LC.O
Info:  1.8  6.6    Net soc.spimemio.xfer.flash_io0_di_SB_LUT4_I0_O[0] budget 3.124000 ns (18,7) -> (18,7)
Info:                Sink soc.spimemio.xfer.flash_io0_di_SB_LUT4_I0_O_SB_LUT4_I1_LC.I1
Info:                Defined in:
Info:                  /opt/sft/bin/../share/yosys/ice40/cells_map.v:6.21-6.22
Info:  1.2  7.9  Source soc.spimemio.xfer.flash_io0_di_SB_LUT4_I0_O_SB_LUT4_I1_LC.O
Info:  3.0 10.8    Net soc.spimemio.xfer.flash_io0_di_SB_LUT4_I0_O_SB_LUT4_I1_O[0] budget 3.124000 ns (18,7) -> (20,10)
Info:                Sink soc.cpu.prefetched_high_word_SB_DFFESR_Q_D_SB_LUT4_O_I1_SB_LUT4_O_LC.I0
Info:                Defined in:
Info:                  /opt/sft/bin/../share/yosys/ice40/cells_map.v:6.21-6.22
Info:  1.3 12.1  Source soc.cpu.prefetched_high_word_SB_DFFESR_Q_D_SB_LUT4_O_I1_SB_LUT4_O_LC.O
Info:  4.4 16.5    Net soc.cpu.prefetched_high_word_SB_DFFESR_Q_D_SB_LUT4_O_I1[1] budget 3.124000 ns (20,10) -> (20,21)
Info:                Sink soc.cpu.prefetched_high_word_SB_DFFESR_Q_D_SB_LUT4_O_I1_SB_LUT4_I1_LC.I1
Info:                Defined in:
Info:                  /opt/sft/bin/../share/yosys/ice40/cells_map.v:6.21-6.22
Info:  1.2 17.7  Source soc.cpu.prefetched_high_word_SB_DFFESR_Q_D_SB_LUT4_O_I1_SB_LUT4_I1_LC.O
Info:  1.8 19.5    Net soc.cpu.prefetched_high_word_SB_DFFESR_Q_D_SB_LUT4_O_I1_SB_LUT4_I1_O[2] budget 3.124000 ns (20,21) -> (21,20)
Info:                Sink soc.cpu.prefetched_high_word_SB_DFFESR_Q_D_SB_LUT4_O_I1_SB_LUT4_I1_O_SB_LUT4_I1_LC.I2
Info:                Defined in:
Info:                  /opt/sft/bin/../share/yosys/ice40/cells_map.v:6.21-6.22
Info:  1.2 20.7  Source soc.cpu.prefetched_high_word_SB_DFFESR_Q_D_SB_LUT4_O_I1_SB_LUT4_I1_O_SB_LUT4_I1_LC.O
Info:  3.6 24.3    Net soc.cpu.prefetched_high_word_SB_DFFESR_Q_D_SB_LUT4_O_I1_SB_LUT4_I1_O_SB_LUT4_I1_O[0] budget 3.124000 ns (21,20) -> (16,18)
Info:                Sink soc.cpu.decoded_imm_j_SB_DFFE_Q_11_D_SB_LUT4_O_I1_SB_LUT4_O_I0_SB_LUT4_I2_O_SB_LUT4_O_LC.I1
Info:                Defined in:
Info:                  /opt/sft/bin/../share/yosys/ice40/cells_map.v:6.21-6.22
Info:  1.2 25.5  Source soc.cpu.decoded_imm_j_SB_DFFE_Q_11_D_SB_LUT4_O_I1_SB_LUT4_O_I0_SB_LUT4_I2_O_SB_LUT4_O_LC.O
Info:  3.6 29.1    Net soc.cpu.decoded_imm_j_SB_DFFE_Q_11_D_SB_LUT4_O_I1_SB_LUT4_O_I0_SB_LUT4_I2_O[2] budget 3.124000 ns (16,18) -> (14,23)
Info:                Sink soc.cpu.mem_state_SB_DFFESR_Q_D_SB_LUT4_O_I1_SB_LUT4_I1_O_SB_LUT4_I3_O_SB_LUT4_O_LC.I2
Info:                Defined in:
Info:                  /opt/sft/bin/../share/yosys/ice40/cells_map.v:6.21-6.22
Info:  1.2 30.3  Source soc.cpu.mem_state_SB_DFFESR_Q_D_SB_LUT4_O_I1_SB_LUT4_I1_O_SB_LUT4_I3_O_SB_LUT4_O_LC.O
Info:  1.8 32.1    Net soc.cpu.is_sb_sh_sw_SB_DFFE_Q_D_SB_LUT4_O_I3[1] budget 3.158000 ns (14,23) -> (14,23)
Info:                Sink soc.cpu.mem_state_SB_DFFESR_Q_D_SB_LUT4_O_I1_SB_LUT4_I1_O_SB_LUT4_I3_O_SB_LUT4_I1_1_LC.I1
Info:                Defined in:
Info:                  /opt/sft/bin/../share/yosys/ice40/cells_map.v:6.21-6.22
Info:  1.2 33.3  Source soc.cpu.mem_state_SB_DFFESR_Q_D_SB_LUT4_O_I1_SB_LUT4_I1_O_SB_LUT4_I3_O_SB_LUT4_I1_1_LC.O
Info:  4.0 37.3    Net soc.cpu.cpu_state_SB_DFF_Q_3_D_SB_LUT4_O_I0[2] budget 3.158000 ns (14,23) -> (4,22)
Info:                Sink soc.cpu.instr_sh_SB_LUT4_I1_1_O_SB_LUT4_I1_O_SB_LUT4_O_LC.I2
Info:                Defined in:
Info:                  /opt/sft/bin/../share/yosys/ice40/cells_map.v:6.21-6.22
Info:  1.2 38.5  Source soc.cpu.instr_sh_SB_LUT4_I1_1_O_SB_LUT4_I1_O_SB_LUT4_O_LC.O
Info:  1.8 40.3    Net soc.cpu.instr_sh_SB_LUT4_I1_1_O_SB_LUT4_I1_O[1] budget 3.158000 ns (4,22) -> (4,21)
Info:                Sink soc.cpu.latched_is_lh_SB_DFFESR_Q_E_SB_LUT4_O_I2_SB_LUT4_O_LC.I2
Info:                Defined in:
Info:                  /opt/sft/bin/../share/yosys/ice40/cells_map.v:6.21-6.22
Info:  1.2 41.5  Source soc.cpu.latched_is_lh_SB_DFFESR_Q_E_SB_LUT4_O_I2_SB_LUT4_O_LC.O
Info:  2.4 43.9    Net soc.cpu.instr_sll_SB_LUT4_I1_O_SB_LUT4_I2_O[0] budget 3.158000 ns (4,21) -> (4,19)
Info:                Sink soc.cpu.latched_is_lh_SB_DFFESR_Q_E_SB_LUT4_O_I2_SB_LUT4_I0_LC.I0
Info:                Defined in:
Info:                  /opt/sft/bin/../share/yosys/ice40/cells_map.v:6.21-6.22
Info:  1.3 45.2  Source soc.cpu.latched_is_lh_SB_DFFESR_Q_E_SB_LUT4_O_I2_SB_LUT4_I0_LC.O
Info:  1.8 47.0    Net soc.cpu.latched_is_lh_SB_DFFESR_Q_E_SB_LUT4_O_I2_SB_LUT4_I0_O[3] budget 3.158000 ns (4,19) -> (4,20)
Info:                Sink soc.cpu.reg_op1_SB_DFFE_Q_E_SB_LUT4_O_LC.I3
Info:                Defined in:
Info:                  /opt/sft/bin/../share/yosys/ice40/cells_map.v:6.21-6.22
Info:  0.9 47.8  Source soc.cpu.reg_op1_SB_DFFE_Q_E_SB_LUT4_O_LC.O
Info:  3.6 51.5    Net soc.cpu.reg_op1_SB_DFFE_Q_E budget 3.158000 ns (4,20) -> (4,20)
Info:                Sink soc.cpu.reg_op1_SB_DFFE_Q_D_SB_LUT4_O_LC.CEN
Info:  0.1 51.6  Setup soc.cpu.reg_op1_SB_DFFE_Q_D_SB_LUT4_O_LC.CEN
Info: 14.6 ns logic, 37.0 ns routing

Info: Critical path report for cross-domain path 'posedge clk$SB_IO_IN_$glb_clk' -> '<async>':
Info: curr total
Info:  1.4  1.4  Source soc.spimemio.xfer.dummy_count_SB_DFFESR_Q_3_D_SB_LUT4_O_LC.O
Info:  1.8  3.2    Net soc.spimemio.xfer.dummy_count[0] budget 3.125000 ns (22,7) -> (22,6)
Info:                Sink soc.spimemio.xfer.xfer_dspi_SB_LUT4_I3_1_O_SB_LUT4_O_LC.I0
Info:                Defined in:
Info:                  top.v:139.7-174.6
Info:                  spimemio.v:174.16-203.3
Info:                  spimemio.v:417.12-417.23
Info:                  picosoc.v:156.11-185.3
Info:  1.3  4.4  Source soc.spimemio.xfer.xfer_dspi_SB_LUT4_I3_1_O_SB_LUT4_O_LC.O
Info:  3.1  7.5    Net soc.spimemio.din_valid_SB_LUT4_I0_I1[1] budget 3.125000 ns (22,6) -> (21,2)
Info:                Sink flash_io3_oe_SB_LUT4_O_I1_SB_LUT4_O_LC.I2
Info:                Defined in:
Info:                  /opt/sft/bin/../share/yosys/ice40/cells_map.v:6.21-6.22
Info:  1.2  8.7  Source flash_io3_oe_SB_LUT4_O_I1_SB_LUT4_O_LC.O
Info:  1.8 10.5    Net flash_io3_oe_SB_LUT4_O_I1[1] budget 8.036000 ns (21,2) -> (21,1)
Info:                Sink soc.spimemio.xfer_io3_do_SB_LUT4_O_LC.I2
Info:                Defined in:
Info:                  /opt/sft/bin/../share/yosys/ice40/cells_map.v:6.21-6.22
Info:  1.2 11.7  Source soc.spimemio.xfer_io3_do_SB_LUT4_O_LC.O
Info:  1.8 13.4    Net soc.spimemio.xfer_io3_do budget 11.571000 ns (21,1) -> (20,1)
Info:                Sink soc.spimemio.xfer_io3_90_SB_LUT4_I1_LC.I2
Info:                Defined in:
Info:                  top.v:139.7-174.6
Info:                  spimemio.v:144.7-144.18
Info:                  picosoc.v:156.11-185.3
Info:  1.2 14.6  Source soc.spimemio.xfer_io3_90_SB_LUT4_I1_LC.O
Info:  2.3 16.9    Net flash_io3_do_SB_LUT4_O_I2[1] budget 11.545000 ns (20,1) -> (18,1)
Info:                Sink flash_io3_do_SB_LUT4_O_LC.I2
Info:                Defined in:
Info:                  /opt/sft/bin/../share/yosys/ice40/cells_map.v:6.21-6.22
Info:  1.2 18.1  Source flash_io3_do_SB_LUT4_O_LC.O
Info:  1.8 19.9    Net flash_io3_do budget 11.545000 ns (18,1) -> (19,0)
Info:                Sink flash_io_buf[3].D_OUT_0
Info:                Defined in:
Info:                  top.v:139.7-174.6
Info:                  spimemio.v:39.9-39.21
Info:                  picosoc.v:156.11-185.3
Info: 7.5 ns logic, 12.4 ns routing

Info: Critical path report for cross-domain path 'negedge clk$SB_IO_IN_$glb_clk' -> '<async>':
Info: curr total
Info:  1.4  1.4  Source soc.spimemio.xfer_io3_90_SB_DFFN_Q_DFFLC.O
Info:  1.8  3.2    Net soc.spimemio.xfer_io3_90 budget 11.545000 ns (20,1) -> (20,1)
Info:                Sink soc.spimemio.xfer_io3_90_SB_LUT4_I1_LC.I1
Info:                Defined in:
Info:                  top.v:139.7-174.6
Info:                  spimemio.v:149.6-149.17
Info:                  picosoc.v:156.11-185.3
Info:  1.2  4.4  Source soc.spimemio.xfer_io3_90_SB_LUT4_I1_LC.O
Info:  2.3  6.7    Net flash_io3_do_SB_LUT4_O_I2[1] budget 11.545000 ns (20,1) -> (18,1)
Info:                Sink flash_io3_do_SB_LUT4_O_LC.I2
Info:                Defined in:
Info:                  /opt/sft/bin/../share/yosys/ice40/cells_map.v:6.21-6.22
Info:  1.2  7.9  Source flash_io3_do_SB_LUT4_O_LC.O
Info:  1.8  9.7    Net flash_io3_do budget 11.545000 ns (18,1) -> (19,0)
Info:                Sink flash_io_buf[3].D_OUT_0
Info:                Defined in:
Info:                  top.v:139.7-174.6
Info:                  spimemio.v:39.9-39.21
Info:                  picosoc.v:156.11-185.3
Info: 3.8 ns logic, 5.8 ns routing

Info: Max frequency for clock 'clk$SB_IO_IN_$glb_clk': 14.60 MHz (PASS at 13.00 MHz)

Info: Max delay <async>                       -> posedge clk$SB_IO_IN_$glb_clk: 51.57 ns
Info: Max delay posedge clk$SB_IO_IN_$glb_clk -> <async>                      : 19.90 ns
Info: Max delay negedge clk$SB_IO_IN_$glb_clk -> <async>                      : 9.65 ns

Info: Slack histogram:
Info:  legend: * represents 16 endpoint(s)
Info:          + represents [1,16) endpoint(s)
Info: [  8410,  11658) |*+
Info: [ 11658,  14906) |***+
Info: [ 14906,  18154) |****+
Info: [ 18154,  21402) |*****+
Info: [ 21402,  24650) |*+
Info: [ 24650,  27898) |***+
Info: [ 27898,  31146) |******+
Info: [ 31146,  34394) |*******+
Info: [ 34394,  37642) |*********+
Info: [ 37642,  40890) |******+
Info: [ 40890,  44138) |********+
Info: [ 44138,  47386) |********+
Info: [ 47386,  50634) |*********+
Info: [ 50634,  53882) |****************+
Info: [ 53882,  57130) |***************+
Info: [ 57130,  60378) |*****************************************************+
Info: [ 60378,  63626) |***********************+
Info: [ 63626,  66874) |*************+
Info: [ 66874,  70122) |*************************+
Info: [ 70122,  73370) |************************************************************ 

Info: Program finished normally.
